Internal Server Error: /catalogue/category/clothing/mens-clothing/shirts_3/
Traceback (most recent call last):
  File "/home/joshua/djangospace/oscar1_6/local/lib/python2.7/site-packages/django/core/handlers/base.py", line 99, in get_response
    resolver_match = resolver.resolve(request.path_info)
  File "/home/joshua/djangospace/oscar1_6/local/lib/python2.7/site-packages/django/core/urlresolvers.py", line 337, in resolve
    for pattern in self.url_patterns:
  File "/home/joshua/djangospace/oscar1_6/local/lib/python2.7/site-packages/django/core/urlresolvers.py", line 365, in url_patterns
    patterns = getattr(self.urlconf_module, "urlpatterns", self.urlconf_module)
  File "/home/joshua/djangospace/oscar1_6/local/lib/python2.7/site-packages/django/core/urlresolvers.py", line 360, in urlconf_module
    self._urlconf_module = import_module(self.urlconf_name)
  File "/home/joshua/djangospace/oscar1_6/local/lib/python2.7/site-packages/django/utils/importlib.py", line 40, in import_module
    __import__(name)
  File "/home/joshua/djangospace/giggearme_project/giggearme/urls.py", line 4, in <module>
    from oscar.app import application
  File "/home/joshua/djangospace/oscar1_6/local/lib/python2.7/site-packages/oscar/app.py", line 14, in <module>
    class Shop(Application):
  File "/home/joshua/djangospace/oscar1_6/local/lib/python2.7/site-packages/oscar/app.py", line 17, in Shop
    catalogue_app = get_class('catalogue.app', 'application')
  File "/home/joshua/djangospace/oscar1_6/local/lib/python2.7/site-packages/oscar/core/loading.py", line 26, in get_class
    return get_classes(module_label, [classname])[0]
  File "/home/joshua/djangospace/oscar1_6/local/lib/python2.7/site-packages/oscar/core/loading.py", line 91, in get_classes
    local_module = _import_module(local_module_label, classnames)
  File "/home/joshua/djangospace/oscar1_6/local/lib/python2.7/site-packages/oscar/core/loading.py", line 112, in _import_module
    return __import__(module_label, fromlist=classnames)
  File "/home/joshua/djangospace/giggearme_project/catalogue/app.py", line 4, in <module>
    from catalogue import views
  File "/home/joshua/djangospace/giggearme_project/catalogue/views.py", line 187
    qs = qs.filter(categories__in=categories).filter(activity.name=activity).distinct()
SyntaxError: keyword can't be an expression
Internal Server Error: /catalogue/category/clothing/mens-clothing/shirts_3/activity/Skiing/
Traceback (most recent call last):
  File "/home/joshua/djangospace/oscar1_6/local/lib/python2.7/site-packages/django/core/handlers/base.py", line 112, in get_response
    response = wrapped_callback(request, *callback_args, **callback_kwargs)
  File "/home/joshua/djangospace/oscar1_6/local/lib/python2.7/site-packages/django/db/transaction.py", line 371, in inner
    return func(*args, **kwargs)
  File "/home/joshua/djangospace/oscar1_6/local/lib/python2.7/site-packages/django/contrib/auth/decorators.py", line 22, in _wrapped_view
    return view_func(request, *args, **kwargs)
  File "/home/joshua/djangospace/oscar1_6/local/lib/python2.7/site-packages/django/views/generic/base.py", line 69, in view
    return self.dispatch(request, *args, **kwargs)
  File "/home/joshua/djangospace/oscar1_6/local/lib/python2.7/site-packages/django/views/generic/base.py", line 87, in dispatch
    return handler(request, *args, **kwargs)
  File "/home/joshua/djangospace/giggearme_project/catalogue/views.py", line 151, in get
    self.get_filters()
  File "/home/joshua/djangospace/giggearme_project/catalogue/views.py", line 145, in get_filters
    self.activity = get_object_or_404(ProductActivity, name=self.kwargs['activity'])
NameError: global name 'ProductActivity' is not defined
Internal Server Error: /catalogue/category/clothing/mens-clothing/shirts_3/activity/Skiing/
Traceback (most recent call last):
  File "/home/joshua/djangospace/oscar1_6/local/lib/python2.7/site-packages/django/core/handlers/base.py", line 112, in get_response
    response = wrapped_callback(request, *callback_args, **callback_kwargs)
  File "/home/joshua/djangospace/oscar1_6/local/lib/python2.7/site-packages/django/db/transaction.py", line 371, in inner
    return func(*args, **kwargs)
  File "/home/joshua/djangospace/oscar1_6/local/lib/python2.7/site-packages/django/contrib/auth/decorators.py", line 22, in _wrapped_view
    return view_func(request, *args, **kwargs)
  File "/home/joshua/djangospace/oscar1_6/local/lib/python2.7/site-packages/django/views/generic/base.py", line 69, in view
    return self.dispatch(request, *args, **kwargs)
  File "/home/joshua/djangospace/oscar1_6/local/lib/python2.7/site-packages/django/views/generic/base.py", line 87, in dispatch
    return handler(request, *args, **kwargs)
  File "/home/joshua/djangospace/giggearme_project/catalogue/views.py", line 151, in get
    self.get_filters()
  File "/home/joshua/djangospace/giggearme_project/catalogue/views.py", line 145, in get_filters
    self.activity = get_object_or_404(ProductActivity, name=self.kwargs['activity'])
NameError: global name 'ProductActivity' is not defined
Internal Server Error: /catalogue/category/clothing/mens-clothing/shirts_3/brand/8BPlus/
Traceback (most recent call last):
  File "/home/joshua/djangospace/oscar1_6/local/lib/python2.7/site-packages/django/core/handlers/base.py", line 112, in get_response
    response = wrapped_callback(request, *callback_args, **callback_kwargs)
  File "/home/joshua/djangospace/oscar1_6/local/lib/python2.7/site-packages/django/db/transaction.py", line 371, in inner
    return func(*args, **kwargs)
  File "/home/joshua/djangospace/oscar1_6/local/lib/python2.7/site-packages/django/contrib/auth/decorators.py", line 22, in _wrapped_view
    return view_func(request, *args, **kwargs)
  File "/home/joshua/djangospace/oscar1_6/local/lib/python2.7/site-packages/django/views/generic/base.py", line 69, in view
    return self.dispatch(request, *args, **kwargs)
  File "/home/joshua/djangospace/oscar1_6/local/lib/python2.7/site-packages/django/views/generic/base.py", line 87, in dispatch
    return handler(request, *args, **kwargs)
  File "/home/joshua/djangospace/giggearme_project/catalogue/views.py", line 151, in get
    self.get_filters()
  File "/home/joshua/djangospace/giggearme_project/catalogue/views.py", line 140, in get_filters
    self.brand = get_object_or_404(ProductBrand, name=self.kwargs['brand'])
NameError: global name 'ProductBrand' is not defined
Internal Server Error: /catalogue/category/clothing/mens-clothing/shirts_3/brand/8BPlus/
Traceback (most recent call last):
  File "/home/joshua/djangospace/oscar1_6/local/lib/python2.7/site-packages/django/core/handlers/base.py", line 99, in get_response
    resolver_match = resolver.resolve(request.path_info)
  File "/home/joshua/djangospace/oscar1_6/local/lib/python2.7/site-packages/django/core/urlresolvers.py", line 337, in resolve
    for pattern in self.url_patterns:
  File "/home/joshua/djangospace/oscar1_6/local/lib/python2.7/site-packages/django/core/urlresolvers.py", line 365, in url_patterns
    patterns = getattr(self.urlconf_module, "urlpatterns", self.urlconf_module)
  File "/home/joshua/djangospace/oscar1_6/local/lib/python2.7/site-packages/django/core/urlresolvers.py", line 360, in urlconf_module
    self._urlconf_module = import_module(self.urlconf_name)
  File "/home/joshua/djangospace/oscar1_6/local/lib/python2.7/site-packages/django/utils/importlib.py", line 40, in import_module
    __import__(name)
  File "/home/joshua/djangospace/giggearme_project/giggearme/urls.py", line 4, in <module>
    from oscar.app import application
  File "/home/joshua/djangospace/oscar1_6/local/lib/python2.7/site-packages/oscar/app.py", line 14, in <module>
    class Shop(Application):
  File "/home/joshua/djangospace/oscar1_6/local/lib/python2.7/site-packages/oscar/app.py", line 17, in Shop
    catalogue_app = get_class('catalogue.app', 'application')
  File "/home/joshua/djangospace/oscar1_6/local/lib/python2.7/site-packages/oscar/core/loading.py", line 26, in get_class
    return get_classes(module_label, [classname])[0]
  File "/home/joshua/djangospace/oscar1_6/local/lib/python2.7/site-packages/oscar/core/loading.py", line 91, in get_classes
    local_module = _import_module(local_module_label, classnames)
  File "/home/joshua/djangospace/oscar1_6/local/lib/python2.7/site-packages/oscar/core/loading.py", line 112, in _import_module
    return __import__(module_label, fromlist=classnames)
  File "/home/joshua/djangospace/giggearme_project/catalogue/app.py", line 4, in <module>
    from catalogue import views
  File "/home/joshua/djangospace/giggearme_project/catalogue/views.py", line 12, in <module>
    from catalogue import ProductBrand, ProductActivity
ImportError: cannot import name ProductBrand
Internal Server Error: /catalogue/category/clothing_1/activity/Rock-Climbing/
Traceback (most recent call last):
  File "/home/joshua/djangospace/oscar1_6/local/lib/python2.7/site-packages/django/core/handlers/base.py", line 112, in get_response
    response = wrapped_callback(request, *callback_args, **callback_kwargs)
  File "/home/joshua/djangospace/oscar1_6/local/lib/python2.7/site-packages/django/db/transaction.py", line 371, in inner
    return func(*args, **kwargs)
  File "/home/joshua/djangospace/oscar1_6/local/lib/python2.7/site-packages/django/contrib/auth/decorators.py", line 22, in _wrapped_view
    return view_func(request, *args, **kwargs)
  File "/home/joshua/djangospace/oscar1_6/local/lib/python2.7/site-packages/django/views/generic/base.py", line 69, in view
    return self.dispatch(request, *args, **kwargs)
  File "/home/joshua/djangospace/oscar1_6/local/lib/python2.7/site-packages/django/views/generic/base.py", line 87, in dispatch
    return handler(request, *args, **kwargs)
  File "/home/joshua/djangospace/giggearme_project/catalogue/views.py", line 153, in get
    self.get_filters()
  File "/home/joshua/djangospace/giggearme_project/catalogue/views.py", line 147, in get_filters
    self.activity = get_object_or_404(ProductActivity, slug=self.kwargs['activity'])
  File "/home/joshua/djangospace/oscar1_6/local/lib/python2.7/site-packages/django/shortcuts/__init__.py", line 113, in get_object_or_404
    return queryset.get(*args, **kwargs)
  File "/home/joshua/djangospace/oscar1_6/local/lib/python2.7/site-packages/django/db/models/query.py", line 301, in get
    clone = self.filter(*args, **kwargs)
  File "/home/joshua/djangospace/oscar1_6/local/lib/python2.7/site-packages/django/db/models/query.py", line 593, in filter
    return self._filter_or_exclude(False, *args, **kwargs)
  File "/home/joshua/djangospace/oscar1_6/local/lib/python2.7/site-packages/django/db/models/query.py", line 611, in _filter_or_exclude
    clone.query.add_q(Q(*args, **kwargs))
  File "/home/joshua/djangospace/oscar1_6/local/lib/python2.7/site-packages/django/db/models/sql/query.py", line 1204, in add_q
    clause = self._add_q(where_part, used_aliases)
  File "/home/joshua/djangospace/oscar1_6/local/lib/python2.7/site-packages/django/db/models/sql/query.py", line 1240, in _add_q
    current_negated=current_negated)
  File "/home/joshua/djangospace/oscar1_6/local/lib/python2.7/site-packages/django/db/models/sql/query.py", line 1103, in build_filter
    allow_explicit_fk=True)
  File "/home/joshua/djangospace/oscar1_6/local/lib/python2.7/site-packages/django/db/models/sql/query.py", line 1363, in setup_joins
    names, opts, allow_many, allow_explicit_fk)
  File "/home/joshua/djangospace/oscar1_6/local/lib/python2.7/site-packages/django/db/models/sql/query.py", line 1283, in names_to_path
    "Choices are: %s" % (name, ", ".join(available)))
FieldError: Cannot resolve keyword 'slug' into field. Choices are: id, name, product
Internal Server Error: /catalogue/category/clothing_1/activity/Cycling/
Traceback (most recent call last):
  File "/home/joshua/djangospace/oscar1_6/local/lib/python2.7/site-packages/django/core/handlers/base.py", line 137, in get_response
    response = response.render()
  File "/home/joshua/djangospace/oscar1_6/local/lib/python2.7/site-packages/django/template/response.py", line 105, in render
    self.content = self.rendered_content
  File "/home/joshua/djangospace/oscar1_6/local/lib/python2.7/site-packages/django/template/response.py", line 80, in rendered_content
    template = self.resolve_template(self.template_name)
  File "/home/joshua/djangospace/oscar1_6/local/lib/python2.7/site-packages/django/template/response.py", line 56, in resolve_template
    return loader.select_template(template)
  File "/home/joshua/djangospace/oscar1_6/local/lib/python2.7/site-packages/django/template/loader.py", line 180, in select_template
    return get_template(template_name)
  File "/home/joshua/djangospace/oscar1_6/local/lib/python2.7/site-packages/django/template/loader.py", line 138, in get_template
    template, origin = find_template(template_name)
  File "/home/joshua/djangospace/oscar1_6/local/lib/python2.7/site-packages/django/template/loader.py", line 127, in find_template
    source, display_name = loader(name, dirs)
  File "/home/joshua/djangospace/oscar1_6/local/lib/python2.7/site-packages/django/template/loader.py", line 43, in __call__
    return self.load_template(template_name, template_dirs)
  File "/home/joshua/djangospace/oscar1_6/local/lib/python2.7/site-packages/django/template/loader.py", line 49, in load_template
    template = get_template_from_string(source, origin, template_name)
  File "/home/joshua/djangospace/oscar1_6/local/lib/python2.7/site-packages/django/template/loader.py", line 149, in get_template_from_string
    return Template(source, origin, name)
  File "/home/joshua/djangospace/oscar1_6/local/lib/python2.7/site-packages/django/template/base.py", line 125, in __init__
    self.nodelist = compile_string(template_string, origin)
  File "/home/joshua/djangospace/oscar1_6/local/lib/python2.7/site-packages/django/template/base.py", line 153, in compile_string
    return parser.parse()
  File "/home/joshua/djangospace/oscar1_6/local/lib/python2.7/site-packages/django/template/base.py", line 278, in parse
    compiled_result = compile_func(self, token)
  File "/home/joshua/djangospace/oscar1_6/local/lib/python2.7/site-packages/django/template/loader_tags.py", line 215, in do_extends
    nodelist = parser.parse()
  File "/home/joshua/djangospace/oscar1_6/local/lib/python2.7/site-packages/django/template/base.py", line 278, in parse
    compiled_result = compile_func(self, token)
  File "/home/joshua/djangospace/oscar1_6/local/lib/python2.7/site-packages/django/template/defaulttags.py", line 1084, in load
    (taglib, e))
TemplateSyntaxError: 'product_activities' is not a valid tag library: Template library product_activities not found, tried django.templatetags.product_activities,django.contrib.admin.templatetags.product_activities,django.contrib.staticfiles.templatetags.product_activities,django.contrib.flatpages.templatetags.product_activities,compressor.templatetags.product_activities,oscarmod.templatetags.product_activities,oscar.templatetags.product_activities,haystack.templatetags.product_activities,treebeard.templatetags.product_activities,sorl.thumbnail.templatetags.product_activities
Internal Server Error: /catalogue/category/clothing_1/activity/Cycling/
Traceback (most recent call last):
  File "/home/joshua/djangospace/oscar1_6/local/lib/python2.7/site-packages/django/core/handlers/base.py", line 137, in get_response
    response = response.render()
  File "/home/joshua/djangospace/oscar1_6/local/lib/python2.7/site-packages/django/template/response.py", line 105, in render
    self.content = self.rendered_content
  File "/home/joshua/djangospace/oscar1_6/local/lib/python2.7/site-packages/django/template/response.py", line 80, in rendered_content
    template = self.resolve_template(self.template_name)
  File "/home/joshua/djangospace/oscar1_6/local/lib/python2.7/site-packages/django/template/response.py", line 56, in resolve_template
    return loader.select_template(template)
  File "/home/joshua/djangospace/oscar1_6/local/lib/python2.7/site-packages/django/template/loader.py", line 180, in select_template
    return get_template(template_name)
  File "/home/joshua/djangospace/oscar1_6/local/lib/python2.7/site-packages/django/template/loader.py", line 138, in get_template
    template, origin = find_template(template_name)
  File "/home/joshua/djangospace/oscar1_6/local/lib/python2.7/site-packages/django/template/loader.py", line 127, in find_template
    source, display_name = loader(name, dirs)
  File "/home/joshua/djangospace/oscar1_6/local/lib/python2.7/site-packages/django/template/loader.py", line 43, in __call__
    return self.load_template(template_name, template_dirs)
  File "/home/joshua/djangospace/oscar1_6/local/lib/python2.7/site-packages/django/template/loader.py", line 49, in load_template
    template = get_template_from_string(source, origin, template_name)
  File "/home/joshua/djangospace/oscar1_6/local/lib/python2.7/site-packages/django/template/loader.py", line 149, in get_template_from_string
    return Template(source, origin, name)
  File "/home/joshua/djangospace/oscar1_6/local/lib/python2.7/site-packages/django/template/base.py", line 125, in __init__
    self.nodelist = compile_string(template_string, origin)
  File "/home/joshua/djangospace/oscar1_6/local/lib/python2.7/site-packages/django/template/base.py", line 153, in compile_string
    return parser.parse()
  File "/home/joshua/djangospace/oscar1_6/local/lib/python2.7/site-packages/django/template/base.py", line 278, in parse
    compiled_result = compile_func(self, token)
  File "/home/joshua/djangospace/oscar1_6/local/lib/python2.7/site-packages/django/template/loader_tags.py", line 215, in do_extends
    nodelist = parser.parse()
  File "/home/joshua/djangospace/oscar1_6/local/lib/python2.7/site-packages/django/template/base.py", line 278, in parse
    compiled_result = compile_func(self, token)
  File "/home/joshua/djangospace/oscar1_6/local/lib/python2.7/site-packages/django/template/loader_tags.py", line 190, in do_block
    nodelist = parser.parse(('endblock',))
  File "/home/joshua/djangospace/oscar1_6/local/lib/python2.7/site-packages/django/template/base.py", line 278, in parse
    compiled_result = compile_func(self, token)
  File "/home/joshua/djangospace/oscar1_6/local/lib/python2.7/site-packages/django/template/defaulttags.py", line 942, in do_if
    nodelist = parser.parse(('elif', 'else', 'endif'))
  File "/home/joshua/djangospace/oscar1_6/local/lib/python2.7/site-packages/django/template/base.py", line 278, in parse
    compiled_result = compile_func(self, token)
  File "/home/joshua/djangospace/oscar1_6/local/lib/python2.7/site-packages/django/template/defaulttags.py", line 942, in do_if
    nodelist = parser.parse(('elif', 'else', 'endif'))
  File "/home/joshua/djangospace/oscar1_6/local/lib/python2.7/site-packages/django/template/base.py", line 278, in parse
    compiled_result = compile_func(self, token)
  File "/home/joshua/djangospace/oscar1_6/local/lib/python2.7/site-packages/django/template/loader_tags.py", line 263, in do_include
    isolated_context=isolated_context)
  File "/home/joshua/djangospace/oscar1_6/local/lib/python2.7/site-packages/django/template/loader_tags.py", line 145, in __init__
    t = get_template(template_path)
  File "/home/joshua/djangospace/oscar1_6/local/lib/python2.7/site-packages/django/template/loader.py", line 138, in get_template
    template, origin = find_template(template_name)
  File "/home/joshua/djangospace/oscar1_6/local/lib/python2.7/site-packages/django/template/loader.py", line 127, in find_template
    source, display_name = loader(name, dirs)
  File "/home/joshua/djangospace/oscar1_6/local/lib/python2.7/site-packages/django/template/loader.py", line 43, in __call__
    return self.load_template(template_name, template_dirs)
  File "/home/joshua/djangospace/oscar1_6/local/lib/python2.7/site-packages/django/template/loader.py", line 49, in load_template
    template = get_template_from_string(source, origin, template_name)
  File "/home/joshua/djangospace/oscar1_6/local/lib/python2.7/site-packages/django/template/loader.py", line 149, in get_template_from_string
    return Template(source, origin, name)
  File "/home/joshua/djangospace/oscar1_6/local/lib/python2.7/site-packages/django/template/base.py", line 125, in __init__
    self.nodelist = compile_string(template_string, origin)
  File "/home/joshua/djangospace/oscar1_6/local/lib/python2.7/site-packages/django/template/base.py", line 153, in compile_string
    return parser.parse()
  File "/home/joshua/djangospace/oscar1_6/local/lib/python2.7/site-packages/django/template/base.py", line 276, in parse
    self.invalid_block_tag(token, command, parse_until)
  File "/home/joshua/djangospace/oscar1_6/local/lib/python2.7/site-packages/django/template/base.py", line 332, in invalid_block_tag
    raise self.error(token, "Invalid block tag: '%s'" % command)
TemplateSyntaxError: Invalid block tag: 'activities'
Internal Server Error: /catalogue/category/clothing_1/activity/Cycling/
Traceback (most recent call last):
  File "/home/joshua/djangospace/oscar1_6/local/lib/python2.7/site-packages/django/core/handlers/base.py", line 137, in get_response
    response = response.render()
  File "/home/joshua/djangospace/oscar1_6/local/lib/python2.7/site-packages/django/template/response.py", line 105, in render
    self.content = self.rendered_content
  File "/home/joshua/djangospace/oscar1_6/local/lib/python2.7/site-packages/django/template/response.py", line 80, in rendered_content
    template = self.resolve_template(self.template_name)
  File "/home/joshua/djangospace/oscar1_6/local/lib/python2.7/site-packages/django/template/response.py", line 56, in resolve_template
    return loader.select_template(template)
  File "/home/joshua/djangospace/oscar1_6/local/lib/python2.7/site-packages/django/template/loader.py", line 180, in select_template
    return get_template(template_name)
  File "/home/joshua/djangospace/oscar1_6/local/lib/python2.7/site-packages/django/template/loader.py", line 138, in get_template
    template, origin = find_template(template_name)
  File "/home/joshua/djangospace/oscar1_6/local/lib/python2.7/site-packages/django/template/loader.py", line 127, in find_template
    source, display_name = loader(name, dirs)
  File "/home/joshua/djangospace/oscar1_6/local/lib/python2.7/site-packages/django/template/loader.py", line 43, in __call__
    return self.load_template(template_name, template_dirs)
  File "/home/joshua/djangospace/oscar1_6/local/lib/python2.7/site-packages/django/template/loader.py", line 49, in load_template
    template = get_template_from_string(source, origin, template_name)
  File "/home/joshua/djangospace/oscar1_6/local/lib/python2.7/site-packages/django/template/loader.py", line 149, in get_template_from_string
    return Template(source, origin, name)
  File "/home/joshua/djangospace/oscar1_6/local/lib/python2.7/site-packages/django/template/base.py", line 125, in __init__
    self.nodelist = compile_string(template_string, origin)
  File "/home/joshua/djangospace/oscar1_6/local/lib/python2.7/site-packages/django/template/base.py", line 153, in compile_string
    return parser.parse()
  File "/home/joshua/djangospace/oscar1_6/local/lib/python2.7/site-packages/django/template/base.py", line 278, in parse
    compiled_result = compile_func(self, token)
  File "/home/joshua/djangospace/oscar1_6/local/lib/python2.7/site-packages/django/template/loader_tags.py", line 215, in do_extends
    nodelist = parser.parse()
  File "/home/joshua/djangospace/oscar1_6/local/lib/python2.7/site-packages/django/template/base.py", line 278, in parse
    compiled_result = compile_func(self, token)
  File "/home/joshua/djangospace/oscar1_6/local/lib/python2.7/site-packages/django/template/loader_tags.py", line 190, in do_block
    nodelist = parser.parse(('endblock',))
  File "/home/joshua/djangospace/oscar1_6/local/lib/python2.7/site-packages/django/template/base.py", line 278, in parse
    compiled_result = compile_func(self, token)
  File "/home/joshua/djangospace/oscar1_6/local/lib/python2.7/site-packages/django/template/defaulttags.py", line 942, in do_if
    nodelist = parser.parse(('elif', 'else', 'endif'))
  File "/home/joshua/djangospace/oscar1_6/local/lib/python2.7/site-packages/django/template/base.py", line 278, in parse
    compiled_result = compile_func(self, token)
  File "/home/joshua/djangospace/oscar1_6/local/lib/python2.7/site-packages/django/template/defaulttags.py", line 942, in do_if
    nodelist = parser.parse(('elif', 'else', 'endif'))
  File "/home/joshua/djangospace/oscar1_6/local/lib/python2.7/site-packages/django/template/base.py", line 278, in parse
    compiled_result = compile_func(self, token)
  File "/home/joshua/djangospace/oscar1_6/local/lib/python2.7/site-packages/django/template/loader_tags.py", line 263, in do_include
    isolated_context=isolated_context)
  File "/home/joshua/djangospace/oscar1_6/local/lib/python2.7/site-packages/django/template/loader_tags.py", line 145, in __init__
    t = get_template(template_path)
  File "/home/joshua/djangospace/oscar1_6/local/lib/python2.7/site-packages/django/template/loader.py", line 138, in get_template
    template, origin = find_template(template_name)
  File "/home/joshua/djangospace/oscar1_6/local/lib/python2.7/site-packages/django/template/loader.py", line 127, in find_template
    source, display_name = loader(name, dirs)
  File "/home/joshua/djangospace/oscar1_6/local/lib/python2.7/site-packages/django/template/loader.py", line 43, in __call__
    return self.load_template(template_name, template_dirs)
  File "/home/joshua/djangospace/oscar1_6/local/lib/python2.7/site-packages/django/template/loader.py", line 49, in load_template
    template = get_template_from_string(source, origin, template_name)
  File "/home/joshua/djangospace/oscar1_6/local/lib/python2.7/site-packages/django/template/loader.py", line 149, in get_template_from_string
    return Template(source, origin, name)
  File "/home/joshua/djangospace/oscar1_6/local/lib/python2.7/site-packages/django/template/base.py", line 125, in __init__
    self.nodelist = compile_string(template_string, origin)
  File "/home/joshua/djangospace/oscar1_6/local/lib/python2.7/site-packages/django/template/base.py", line 153, in compile_string
    return parser.parse()
  File "/home/joshua/djangospace/oscar1_6/local/lib/python2.7/site-packages/django/template/base.py", line 282, in parse
    self.extend_nodelist(nodelist, compiled_result, token)
  File "/home/joshua/djangospace/oscar1_6/local/lib/python2.7/site-packages/django/template/debug.py", line 60, in extend_nodelist
    super(DebugParser, self).extend_nodelist(nodelist, node, token)
  File "/home/joshua/djangospace/oscar1_6/local/lib/python2.7/site-packages/django/template/base.py", line 302, in extend_nodelist
    if node.must_be_first and nodelist:
AttributeError: 'QuerySet' object has no attribute 'must_be_first'
Internal Server Error: /catalogue/category/clothing_1/activity/Cycling/
Traceback (most recent call last):
  File "/home/joshua/djangospace/oscar1_6/local/lib/python2.7/site-packages/django/core/handlers/base.py", line 137, in get_response
    response = response.render()
  File "/home/joshua/djangospace/oscar1_6/local/lib/python2.7/site-packages/django/template/response.py", line 105, in render
    self.content = self.rendered_content
  File "/home/joshua/djangospace/oscar1_6/local/lib/python2.7/site-packages/django/template/response.py", line 82, in rendered_content
    content = template.render(context)
  File "/home/joshua/djangospace/oscar1_6/local/lib/python2.7/site-packages/django/template/base.py", line 140, in render
    return self._render(context)
  File "/home/joshua/djangospace/oscar1_6/local/lib/python2.7/site-packages/django/template/base.py", line 134, in _render
    return self.nodelist.render(context)
  File "/home/joshua/djangospace/oscar1_6/local/lib/python2.7/site-packages/django/template/base.py", line 840, in render
    bit = self.render_node(node, context)
  File "/home/joshua/djangospace/oscar1_6/local/lib/python2.7/site-packages/django/template/debug.py", line 78, in render_node
    return node.render(context)
  File "/home/joshua/djangospace/oscar1_6/local/lib/python2.7/site-packages/django/template/loader_tags.py", line 123, in render
    return compiled_parent._render(context)
  File "/home/joshua/djangospace/oscar1_6/local/lib/python2.7/site-packages/django/template/base.py", line 134, in _render
    return self.nodelist.render(context)
  File "/home/joshua/djangospace/oscar1_6/local/lib/python2.7/site-packages/django/template/base.py", line 840, in render
    bit = self.render_node(node, context)
  File "/home/joshua/djangospace/oscar1_6/local/lib/python2.7/site-packages/django/template/debug.py", line 78, in render_node
    return node.render(context)
  File "/home/joshua/djangospace/oscar1_6/local/lib/python2.7/site-packages/django/template/loader_tags.py", line 123, in render
    return compiled_parent._render(context)
  File "/home/joshua/djangospace/oscar1_6/local/lib/python2.7/site-packages/django/template/base.py", line 134, in _render
    return self.nodelist.render(context)
  File "/home/joshua/djangospace/oscar1_6/local/lib/python2.7/site-packages/django/template/base.py", line 840, in render
    bit = self.render_node(node, context)
  File "/home/joshua/djangospace/oscar1_6/local/lib/python2.7/site-packages/django/template/debug.py", line 78, in render_node
    return node.render(context)
  File "/home/joshua/djangospace/oscar1_6/local/lib/python2.7/site-packages/django/template/loader_tags.py", line 123, in render
    return compiled_parent._render(context)
  File "/home/joshua/djangospace/oscar1_6/local/lib/python2.7/site-packages/django/template/base.py", line 134, in _render
    return self.nodelist.render(context)
  File "/home/joshua/djangospace/oscar1_6/local/lib/python2.7/site-packages/django/template/base.py", line 840, in render
    bit = self.render_node(node, context)
  File "/home/joshua/djangospace/oscar1_6/local/lib/python2.7/site-packages/django/template/debug.py", line 78, in render_node
    return node.render(context)
  File "/home/joshua/djangospace/oscar1_6/local/lib/python2.7/site-packages/django/template/loader_tags.py", line 62, in render
    result = block.nodelist.render(context)
  File "/home/joshua/djangospace/oscar1_6/local/lib/python2.7/site-packages/django/template/base.py", line 840, in render
    bit = self.render_node(node, context)
  File "/home/joshua/djangospace/oscar1_6/local/lib/python2.7/site-packages/django/template/debug.py", line 78, in render_node
    return node.render(context)
  File "/home/joshua/djangospace/oscar1_6/local/lib/python2.7/site-packages/django/template/loader_tags.py", line 62, in render
    result = block.nodelist.render(context)
  File "/home/joshua/djangospace/oscar1_6/local/lib/python2.7/site-packages/django/template/base.py", line 840, in render
    bit = self.render_node(node, context)
  File "/home/joshua/djangospace/oscar1_6/local/lib/python2.7/site-packages/django/template/debug.py", line 78, in render_node
    return node.render(context)
  File "/home/joshua/djangospace/oscar1_6/local/lib/python2.7/site-packages/django/template/loader_tags.py", line 62, in render
    result = block.nodelist.render(context)
  File "/home/joshua/djangospace/oscar1_6/local/lib/python2.7/site-packages/django/template/base.py", line 840, in render
    bit = self.render_node(node, context)
  File "/home/joshua/djangospace/oscar1_6/local/lib/python2.7/site-packages/django/template/debug.py", line 78, in render_node
    return node.render(context)
  File "/home/joshua/djangospace/oscar1_6/local/lib/python2.7/site-packages/django/template/defaulttags.py", line 305, in render
    return nodelist.render(context)
  File "/home/joshua/djangospace/oscar1_6/local/lib/python2.7/site-packages/django/template/base.py", line 840, in render
    bit = self.render_node(node, context)
  File "/home/joshua/djangospace/oscar1_6/local/lib/python2.7/site-packages/django/template/debug.py", line 78, in render_node
    return node.render(context)
  File "/home/joshua/djangospace/oscar1_6/local/lib/python2.7/site-packages/django/template/loader_tags.py", line 155, in render
    return self.render_template(self.template, context)
  File "/home/joshua/djangospace/oscar1_6/local/lib/python2.7/site-packages/django/template/loader_tags.py", line 137, in render_template
    output = template.render(context)
  File "/home/joshua/djangospace/oscar1_6/local/lib/python2.7/site-packages/django/template/base.py", line 140, in render
    return self._render(context)
  File "/home/joshua/djangospace/oscar1_6/local/lib/python2.7/site-packages/django/template/base.py", line 134, in _render
    return self.nodelist.render(context)
  File "/home/joshua/djangospace/oscar1_6/local/lib/python2.7/site-packages/django/template/base.py", line 840, in render
    bit = self.render_node(node, context)
  File "/home/joshua/djangospace/oscar1_6/local/lib/python2.7/site-packages/django/template/debug.py", line 78, in render_node
    return node.render(context)
  File "/home/joshua/djangospace/oscar1_6/local/lib/python2.7/site-packages/django/template/base.py", line 1157, in render
    context[self.target_var] = func(*resolved_args, **resolved_kwargs)
  File "/home/joshua/djangospace/giggearme_project/oscarmod/templatetags/brand_tags.py", line 14, in product_brands
    brands = ProductBrand.objects.all()
NameError: global name 'ProductBrand' is not defined
Internal Server Error: /catalogue/category/clothing/mens-clothing_2/
Traceback (most recent call last):
  File "/home/joshua/djangospace/oscar1_6/local/lib/python2.7/site-packages/django/core/handlers/base.py", line 137, in get_response
    response = response.render()
  File "/home/joshua/djangospace/oscar1_6/local/lib/python2.7/site-packages/django/template/response.py", line 105, in render
    self.content = self.rendered_content
  File "/home/joshua/djangospace/oscar1_6/local/lib/python2.7/site-packages/django/template/response.py", line 80, in rendered_content
    template = self.resolve_template(self.template_name)
  File "/home/joshua/djangospace/oscar1_6/local/lib/python2.7/site-packages/django/template/response.py", line 56, in resolve_template
    return loader.select_template(template)
  File "/home/joshua/djangospace/oscar1_6/local/lib/python2.7/site-packages/django/template/loader.py", line 180, in select_template
    return get_template(template_name)
  File "/home/joshua/djangospace/oscar1_6/local/lib/python2.7/site-packages/django/template/loader.py", line 138, in get_template
    template, origin = find_template(template_name)
  File "/home/joshua/djangospace/oscar1_6/local/lib/python2.7/site-packages/django/template/loader.py", line 127, in find_template
    source, display_name = loader(name, dirs)
  File "/home/joshua/djangospace/oscar1_6/local/lib/python2.7/site-packages/django/template/loader.py", line 43, in __call__
    return self.load_template(template_name, template_dirs)
  File "/home/joshua/djangospace/oscar1_6/local/lib/python2.7/site-packages/django/template/loader.py", line 49, in load_template
    template = get_template_from_string(source, origin, template_name)
  File "/home/joshua/djangospace/oscar1_6/local/lib/python2.7/site-packages/django/template/loader.py", line 149, in get_template_from_string
    return Template(source, origin, name)
  File "/home/joshua/djangospace/oscar1_6/local/lib/python2.7/site-packages/django/template/base.py", line 125, in __init__
    self.nodelist = compile_string(template_string, origin)
  File "/home/joshua/djangospace/oscar1_6/local/lib/python2.7/site-packages/django/template/base.py", line 153, in compile_string
    return parser.parse()
  File "/home/joshua/djangospace/oscar1_6/local/lib/python2.7/site-packages/django/template/base.py", line 278, in parse
    compiled_result = compile_func(self, token)
  File "/home/joshua/djangospace/oscar1_6/local/lib/python2.7/site-packages/django/template/loader_tags.py", line 215, in do_extends
    nodelist = parser.parse()
  File "/home/joshua/djangospace/oscar1_6/local/lib/python2.7/site-packages/django/template/base.py", line 278, in parse
    compiled_result = compile_func(self, token)
  File "/home/joshua/djangospace/oscar1_6/local/lib/python2.7/site-packages/django/template/loader_tags.py", line 190, in do_block
    nodelist = parser.parse(('endblock',))
  File "/home/joshua/djangospace/oscar1_6/local/lib/python2.7/site-packages/django/template/base.py", line 278, in parse
    compiled_result = compile_func(self, token)
  File "/home/joshua/djangospace/oscar1_6/local/lib/python2.7/site-packages/django/template/defaulttags.py", line 956, in do_if
    nodelist = parser.parse(('endif',))
  File "/home/joshua/djangospace/oscar1_6/local/lib/python2.7/site-packages/django/template/base.py", line 278, in parse
    compiled_result = compile_func(self, token)
  File "/home/joshua/djangospace/oscar1_6/local/lib/python2.7/site-packages/django/template/defaulttags.py", line 941, in do_if
    condition = TemplateIfParser(parser, bits).parse()
  File "/home/joshua/djangospace/oscar1_6/local/lib/python2.7/site-packages/django/template/smartif.py", line 191, in parse
    self.current_token.display())
TemplateSyntaxError: Unused 'is' at end of if expression.
Internal Server Error: /catalogue/category/clothing/mens-clothing/jackets-coats_6/brand/Charko/
Traceback (most recent call last):
  File "/home/joshua/djangospace/oscar1_6/local/lib/python2.7/site-packages/django/core/handlers/base.py", line 137, in get_response
    response = response.render()
  File "/home/joshua/djangospace/oscar1_6/local/lib/python2.7/site-packages/django/template/response.py", line 105, in render
    self.content = self.rendered_content
  File "/home/joshua/djangospace/oscar1_6/local/lib/python2.7/site-packages/django/template/response.py", line 80, in rendered_content
    template = self.resolve_template(self.template_name)
  File "/home/joshua/djangospace/oscar1_6/local/lib/python2.7/site-packages/django/template/response.py", line 56, in resolve_template
    return loader.select_template(template)
  File "/home/joshua/djangospace/oscar1_6/local/lib/python2.7/site-packages/django/template/loader.py", line 180, in select_template
    return get_template(template_name)
  File "/home/joshua/djangospace/oscar1_6/local/lib/python2.7/site-packages/django/template/loader.py", line 138, in get_template
    template, origin = find_template(template_name)
  File "/home/joshua/djangospace/oscar1_6/local/lib/python2.7/site-packages/django/template/loader.py", line 127, in find_template
    source, display_name = loader(name, dirs)
  File "/home/joshua/djangospace/oscar1_6/local/lib/python2.7/site-packages/django/template/loader.py", line 43, in __call__
    return self.load_template(template_name, template_dirs)
  File "/home/joshua/djangospace/oscar1_6/local/lib/python2.7/site-packages/django/template/loader.py", line 49, in load_template
    template = get_template_from_string(source, origin, template_name)
  File "/home/joshua/djangospace/oscar1_6/local/lib/python2.7/site-packages/django/template/loader.py", line 149, in get_template_from_string
    return Template(source, origin, name)
  File "/home/joshua/djangospace/oscar1_6/local/lib/python2.7/site-packages/django/template/base.py", line 125, in __init__
    self.nodelist = compile_string(template_string, origin)
  File "/home/joshua/djangospace/oscar1_6/local/lib/python2.7/site-packages/django/template/base.py", line 153, in compile_string
    return parser.parse()
  File "/home/joshua/djangospace/oscar1_6/local/lib/python2.7/site-packages/django/template/base.py", line 278, in parse
    compiled_result = compile_func(self, token)
  File "/home/joshua/djangospace/oscar1_6/local/lib/python2.7/site-packages/django/template/loader_tags.py", line 215, in do_extends
    nodelist = parser.parse()
  File "/home/joshua/djangospace/oscar1_6/local/lib/python2.7/site-packages/django/template/base.py", line 278, in parse
    compiled_result = compile_func(self, token)
  File "/home/joshua/djangospace/oscar1_6/local/lib/python2.7/site-packages/django/template/loader_tags.py", line 190, in do_block
    nodelist = parser.parse(('endblock',))
  File "/home/joshua/djangospace/oscar1_6/local/lib/python2.7/site-packages/django/template/base.py", line 278, in parse
    compiled_result = compile_func(self, token)
  File "/home/joshua/djangospace/oscar1_6/local/lib/python2.7/site-packages/django/template/loader_tags.py", line 263, in do_include
    isolated_context=isolated_context)
  File "/home/joshua/djangospace/oscar1_6/local/lib/python2.7/site-packages/django/template/loader_tags.py", line 145, in __init__
    t = get_template(template_path)
  File "/home/joshua/djangospace/oscar1_6/local/lib/python2.7/site-packages/django/template/loader.py", line 138, in get_template
    template, origin = find_template(template_name)
  File "/home/joshua/djangospace/oscar1_6/local/lib/python2.7/site-packages/django/template/loader.py", line 127, in find_template
    source, display_name = loader(name, dirs)
  File "/home/joshua/djangospace/oscar1_6/local/lib/python2.7/site-packages/django/template/loader.py", line 43, in __call__
    return self.load_template(template_name, template_dirs)
  File "/home/joshua/djangospace/oscar1_6/local/lib/python2.7/site-packages/django/template/loader.py", line 49, in load_template
    template = get_template_from_string(source, origin, template_name)
  File "/home/joshua/djangospace/oscar1_6/local/lib/python2.7/site-packages/django/template/loader.py", line 149, in get_template_from_string
    return Template(source, origin, name)
  File "/home/joshua/djangospace/oscar1_6/local/lib/python2.7/site-packages/django/template/base.py", line 125, in __init__
    self.nodelist = compile_string(template_string, origin)
  File "/home/joshua/djangospace/oscar1_6/local/lib/python2.7/site-packages/django/template/base.py", line 153, in compile_string
    return parser.parse()
  File "/home/joshua/djangospace/oscar1_6/local/lib/python2.7/site-packages/django/template/base.py", line 278, in parse
    compiled_result = compile_func(self, token)
  File "/home/joshua/djangospace/oscar1_6/local/lib/python2.7/site-packages/django/template/defaulttags.py", line 806, in do_for
    nodelist_loop = parser.parse(('empty', 'endfor',))
  File "/home/joshua/djangospace/oscar1_6/local/lib/python2.7/site-packages/django/template/base.py", line 278, in parse
    compiled_result = compile_func(self, token)
  File "/home/joshua/djangospace/oscar1_6/local/lib/python2.7/site-packages/django/template/defaulttags.py", line 941, in do_if
    condition = TemplateIfParser(parser, bits).parse()
  File "/home/joshua/djangospace/oscar1_6/local/lib/python2.7/site-packages/django/template/defaulttags.py", line 874, in __init__
    super(TemplateIfParser, self).__init__(*args, **kwargs)
  File "/home/joshua/djangospace/oscar1_6/local/lib/python2.7/site-packages/django/template/smartif.py", line 163, in __init__
    mapped_tokens.append(self.translate_token(token))
  File "/home/joshua/djangospace/oscar1_6/local/lib/python2.7/site-packages/django/template/smartif.py", line 174, in translate_token
    return self.create_var(token)
  File "/home/joshua/djangospace/oscar1_6/local/lib/python2.7/site-packages/django/template/defaulttags.py", line 877, in create_var
    return TemplateLiteral(self.template_parser.compile_filter(value), value)
  File "/home/joshua/djangospace/oscar1_6/local/lib/python2.7/site-packages/django/template/base.py", line 360, in compile_filter
    return FilterExpression(token, self)
  File "/home/joshua/djangospace/oscar1_6/local/lib/python2.7/site-packages/django/template/base.py", line 577, in __init__
    "from '%s'" % (token[upto:], token))
TemplateSyntaxError: Could not parse the remainder: '=product_activity' from 'activity=product_activity'
Internal Server Error: /catalogue/category/clothing/mens-clothing/jackets-coats_6/brand/Charko/
Traceback (most recent call last):
  File "/home/joshua/djangospace/oscar1_6/local/lib/python2.7/site-packages/django/core/handlers/base.py", line 137, in get_response
    response = response.render()
  File "/home/joshua/djangospace/oscar1_6/local/lib/python2.7/site-packages/django/template/response.py", line 105, in render
    self.content = self.rendered_content
  File "/home/joshua/djangospace/oscar1_6/local/lib/python2.7/site-packages/django/template/response.py", line 80, in rendered_content
    template = self.resolve_template(self.template_name)
  File "/home/joshua/djangospace/oscar1_6/local/lib/python2.7/site-packages/django/template/response.py", line 56, in resolve_template
    return loader.select_template(template)
  File "/home/joshua/djangospace/oscar1_6/local/lib/python2.7/site-packages/django/template/loader.py", line 180, in select_template
    return get_template(template_name)
  File "/home/joshua/djangospace/oscar1_6/local/lib/python2.7/site-packages/django/template/loader.py", line 138, in get_template
    template, origin = find_template(template_name)
  File "/home/joshua/djangospace/oscar1_6/local/lib/python2.7/site-packages/django/template/loader.py", line 127, in find_template
    source, display_name = loader(name, dirs)
  File "/home/joshua/djangospace/oscar1_6/local/lib/python2.7/site-packages/django/template/loader.py", line 43, in __call__
    return self.load_template(template_name, template_dirs)
  File "/home/joshua/djangospace/oscar1_6/local/lib/python2.7/site-packages/django/template/loader.py", line 49, in load_template
    template = get_template_from_string(source, origin, template_name)
  File "/home/joshua/djangospace/oscar1_6/local/lib/python2.7/site-packages/django/template/loader.py", line 149, in get_template_from_string
    return Template(source, origin, name)
  File "/home/joshua/djangospace/oscar1_6/local/lib/python2.7/site-packages/django/template/base.py", line 125, in __init__
    self.nodelist = compile_string(template_string, origin)
  File "/home/joshua/djangospace/oscar1_6/local/lib/python2.7/site-packages/django/template/base.py", line 153, in compile_string
    return parser.parse()
  File "/home/joshua/djangospace/oscar1_6/local/lib/python2.7/site-packages/django/template/base.py", line 278, in parse
    compiled_result = compile_func(self, token)
  File "/home/joshua/djangospace/oscar1_6/local/lib/python2.7/site-packages/django/template/loader_tags.py", line 215, in do_extends
    nodelist = parser.parse()
  File "/home/joshua/djangospace/oscar1_6/local/lib/python2.7/site-packages/django/template/base.py", line 278, in parse
    compiled_result = compile_func(self, token)
  File "/home/joshua/djangospace/oscar1_6/local/lib/python2.7/site-packages/django/template/loader_tags.py", line 190, in do_block
    nodelist = parser.parse(('endblock',))
  File "/home/joshua/djangospace/oscar1_6/local/lib/python2.7/site-packages/django/template/base.py", line 278, in parse
    compiled_result = compile_func(self, token)
  File "/home/joshua/djangospace/oscar1_6/local/lib/python2.7/site-packages/django/template/loader_tags.py", line 263, in do_include
    isolated_context=isolated_context)
  File "/home/joshua/djangospace/oscar1_6/local/lib/python2.7/site-packages/django/template/loader_tags.py", line 145, in __init__
    t = get_template(template_path)
  File "/home/joshua/djangospace/oscar1_6/local/lib/python2.7/site-packages/django/template/loader.py", line 138, in get_template
    template, origin = find_template(template_name)
  File "/home/joshua/djangospace/oscar1_6/local/lib/python2.7/site-packages/django/template/loader.py", line 127, in find_template
    source, display_name = loader(name, dirs)
  File "/home/joshua/djangospace/oscar1_6/local/lib/python2.7/site-packages/django/template/loader.py", line 43, in __call__
    return self.load_template(template_name, template_dirs)
  File "/home/joshua/djangospace/oscar1_6/local/lib/python2.7/site-packages/django/template/loader.py", line 49, in load_template
    template = get_template_from_string(source, origin, template_name)
  File "/home/joshua/djangospace/oscar1_6/local/lib/python2.7/site-packages/django/template/loader.py", line 149, in get_template_from_string
    return Template(source, origin, name)
  File "/home/joshua/djangospace/oscar1_6/local/lib/python2.7/site-packages/django/template/base.py", line 125, in __init__
    self.nodelist = compile_string(template_string, origin)
  File "/home/joshua/djangospace/oscar1_6/local/lib/python2.7/site-packages/django/template/base.py", line 153, in compile_string
    return parser.parse()
  File "/home/joshua/djangospace/oscar1_6/local/lib/python2.7/site-packages/django/template/base.py", line 278, in parse
    compiled_result = compile_func(self, token)
  File "/home/joshua/djangospace/oscar1_6/local/lib/python2.7/site-packages/django/template/defaulttags.py", line 806, in do_for
    nodelist_loop = parser.parse(('empty', 'endfor',))
  File "/home/joshua/djangospace/oscar1_6/local/lib/python2.7/site-packages/django/template/base.py", line 278, in parse
    compiled_result = compile_func(self, token)
  File "/home/joshua/djangospace/oscar1_6/local/lib/python2.7/site-packages/django/template/defaulttags.py", line 941, in do_if
    condition = TemplateIfParser(parser, bits).parse()
  File "/home/joshua/djangospace/oscar1_6/local/lib/python2.7/site-packages/django/template/defaulttags.py", line 874, in __init__
    super(TemplateIfParser, self).__init__(*args, **kwargs)
  File "/home/joshua/djangospace/oscar1_6/local/lib/python2.7/site-packages/django/template/smartif.py", line 163, in __init__
    mapped_tokens.append(self.translate_token(token))
  File "/home/joshua/djangospace/oscar1_6/local/lib/python2.7/site-packages/django/template/smartif.py", line 174, in translate_token
    return self.create_var(token)
  File "/home/joshua/djangospace/oscar1_6/local/lib/python2.7/site-packages/django/template/defaulttags.py", line 877, in create_var
    return TemplateLiteral(self.template_parser.compile_filter(value), value)
  File "/home/joshua/djangospace/oscar1_6/local/lib/python2.7/site-packages/django/template/base.py", line 360, in compile_filter
    return FilterExpression(token, self)
  File "/home/joshua/djangospace/oscar1_6/local/lib/python2.7/site-packages/django/template/base.py", line 577, in __init__
    "from '%s'" % (token[upto:], token))
TemplateSyntaxError: Could not parse the remainder: '==product_activity' from 'activity==product_activity'
Internal Server Error: /catalogue/category/clothing/mens-clothing/jackets-coats_6/brand/Charko/
Traceback (most recent call last):
  File "/home/joshua/djangospace/oscar1_6/local/lib/python2.7/site-packages/django/core/handlers/base.py", line 137, in get_response
    response = response.render()
  File "/home/joshua/djangospace/oscar1_6/local/lib/python2.7/site-packages/django/template/response.py", line 105, in render
    self.content = self.rendered_content
  File "/home/joshua/djangospace/oscar1_6/local/lib/python2.7/site-packages/django/template/response.py", line 80, in rendered_content
    template = self.resolve_template(self.template_name)
  File "/home/joshua/djangospace/oscar1_6/local/lib/python2.7/site-packages/django/template/response.py", line 56, in resolve_template
    return loader.select_template(template)
  File "/home/joshua/djangospace/oscar1_6/local/lib/python2.7/site-packages/django/template/loader.py", line 180, in select_template
    return get_template(template_name)
  File "/home/joshua/djangospace/oscar1_6/local/lib/python2.7/site-packages/django/template/loader.py", line 138, in get_template
    template, origin = find_template(template_name)
  File "/home/joshua/djangospace/oscar1_6/local/lib/python2.7/site-packages/django/template/loader.py", line 127, in find_template
    source, display_name = loader(name, dirs)
  File "/home/joshua/djangospace/oscar1_6/local/lib/python2.7/site-packages/django/template/loader.py", line 43, in __call__
    return self.load_template(template_name, template_dirs)
  File "/home/joshua/djangospace/oscar1_6/local/lib/python2.7/site-packages/django/template/loader.py", line 49, in load_template
    template = get_template_from_string(source, origin, template_name)
  File "/home/joshua/djangospace/oscar1_6/local/lib/python2.7/site-packages/django/template/loader.py", line 149, in get_template_from_string
    return Template(source, origin, name)
  File "/home/joshua/djangospace/oscar1_6/local/lib/python2.7/site-packages/django/template/base.py", line 125, in __init__
    self.nodelist = compile_string(template_string, origin)
  File "/home/joshua/djangospace/oscar1_6/local/lib/python2.7/site-packages/django/template/base.py", line 153, in compile_string
    return parser.parse()
  File "/home/joshua/djangospace/oscar1_6/local/lib/python2.7/site-packages/django/template/base.py", line 278, in parse
    compiled_result = compile_func(self, token)
  File "/home/joshua/djangospace/oscar1_6/local/lib/python2.7/site-packages/django/template/loader_tags.py", line 215, in do_extends
    nodelist = parser.parse()
  File "/home/joshua/djangospace/oscar1_6/local/lib/python2.7/site-packages/django/template/base.py", line 278, in parse
    compiled_result = compile_func(self, token)
  File "/home/joshua/djangospace/oscar1_6/local/lib/python2.7/site-packages/django/template/loader_tags.py", line 190, in do_block
    nodelist = parser.parse(('endblock',))
  File "/home/joshua/djangospace/oscar1_6/local/lib/python2.7/site-packages/django/template/base.py", line 278, in parse
    compiled_result = compile_func(self, token)
  File "/home/joshua/djangospace/oscar1_6/local/lib/python2.7/site-packages/django/template/defaulttags.py", line 942, in do_if
    nodelist = parser.parse(('elif', 'else', 'endif'))
  File "/home/joshua/djangospace/oscar1_6/local/lib/python2.7/site-packages/django/template/base.py", line 278, in parse
    compiled_result = compile_func(self, token)
  File "/home/joshua/djangospace/oscar1_6/local/lib/python2.7/site-packages/django/template/loader_tags.py", line 263, in do_include
    isolated_context=isolated_context)
  File "/home/joshua/djangospace/oscar1_6/local/lib/python2.7/site-packages/django/template/loader_tags.py", line 145, in __init__
    t = get_template(template_path)
  File "/home/joshua/djangospace/oscar1_6/local/lib/python2.7/site-packages/django/template/loader.py", line 138, in get_template
    template, origin = find_template(template_name)
  File "/home/joshua/djangospace/oscar1_6/local/lib/python2.7/site-packages/django/template/loader.py", line 127, in find_template
    source, display_name = loader(name, dirs)
  File "/home/joshua/djangospace/oscar1_6/local/lib/python2.7/site-packages/django/template/loader.py", line 43, in __call__
    return self.load_template(template_name, template_dirs)
  File "/home/joshua/djangospace/oscar1_6/local/lib/python2.7/site-packages/django/template/loader.py", line 49, in load_template
    template = get_template_from_string(source, origin, template_name)
  File "/home/joshua/djangospace/oscar1_6/local/lib/python2.7/site-packages/django/template/loader.py", line 149, in get_template_from_string
    return Template(source, origin, name)
  File "/home/joshua/djangospace/oscar1_6/local/lib/python2.7/site-packages/django/template/base.py", line 125, in __init__
    self.nodelist = compile_string(template_string, origin)
  File "/home/joshua/djangospace/oscar1_6/local/lib/python2.7/site-packages/django/template/base.py", line 153, in compile_string
    return parser.parse()
  File "/home/joshua/djangospace/oscar1_6/local/lib/python2.7/site-packages/django/template/base.py", line 278, in parse
    compiled_result = compile_func(self, token)
  File "/home/joshua/djangospace/oscar1_6/local/lib/python2.7/site-packages/django/template/defaulttags.py", line 806, in do_for
    nodelist_loop = parser.parse(('empty', 'endfor',))
  File "/home/joshua/djangospace/oscar1_6/local/lib/python2.7/site-packages/django/template/base.py", line 278, in parse
    compiled_result = compile_func(self, token)
  File "/home/joshua/djangospace/oscar1_6/local/lib/python2.7/site-packages/django/template/defaulttags.py", line 941, in do_if
    condition = TemplateIfParser(parser, bits).parse()
  File "/home/joshua/djangospace/oscar1_6/local/lib/python2.7/site-packages/django/template/defaulttags.py", line 874, in __init__
    super(TemplateIfParser, self).__init__(*args, **kwargs)
  File "/home/joshua/djangospace/oscar1_6/local/lib/python2.7/site-packages/django/template/smartif.py", line 163, in __init__
    mapped_tokens.append(self.translate_token(token))
  File "/home/joshua/djangospace/oscar1_6/local/lib/python2.7/site-packages/django/template/smartif.py", line 174, in translate_token
    return self.create_var(token)
  File "/home/joshua/djangospace/oscar1_6/local/lib/python2.7/site-packages/django/template/defaulttags.py", line 877, in create_var
    return TemplateLiteral(self.template_parser.compile_filter(value), value)
  File "/home/joshua/djangospace/oscar1_6/local/lib/python2.7/site-packages/django/template/base.py", line 360, in compile_filter
    return FilterExpression(token, self)
  File "/home/joshua/djangospace/oscar1_6/local/lib/python2.7/site-packages/django/template/base.py", line 577, in __init__
    "from '%s'" % (token[upto:], token))
TemplateSyntaxError: Could not parse the remainder: '==product_brand' from 'brand==product_brand'
Internal Server Error: /catalogue/category/clothing/mens-clothing_2/brand/Makak/
Traceback (most recent call last):
  File "/home/joshua/djangospace/oscar1_6/local/lib/python2.7/site-packages/django/core/handlers/base.py", line 137, in get_response
    response = response.render()
  File "/home/joshua/djangospace/oscar1_6/local/lib/python2.7/site-packages/django/template/response.py", line 105, in render
    self.content = self.rendered_content
  File "/home/joshua/djangospace/oscar1_6/local/lib/python2.7/site-packages/django/template/response.py", line 80, in rendered_content
    template = self.resolve_template(self.template_name)
  File "/home/joshua/djangospace/oscar1_6/local/lib/python2.7/site-packages/django/template/response.py", line 56, in resolve_template
    return loader.select_template(template)
  File "/home/joshua/djangospace/oscar1_6/local/lib/python2.7/site-packages/django/template/loader.py", line 180, in select_template
    return get_template(template_name)
  File "/home/joshua/djangospace/oscar1_6/local/lib/python2.7/site-packages/django/template/loader.py", line 138, in get_template
    template, origin = find_template(template_name)
  File "/home/joshua/djangospace/oscar1_6/local/lib/python2.7/site-packages/django/template/loader.py", line 127, in find_template
    source, display_name = loader(name, dirs)
  File "/home/joshua/djangospace/oscar1_6/local/lib/python2.7/site-packages/django/template/loader.py", line 43, in __call__
    return self.load_template(template_name, template_dirs)
  File "/home/joshua/djangospace/oscar1_6/local/lib/python2.7/site-packages/django/template/loader.py", line 49, in load_template
    template = get_template_from_string(source, origin, template_name)
  File "/home/joshua/djangospace/oscar1_6/local/lib/python2.7/site-packages/django/template/loader.py", line 149, in get_template_from_string
    return Template(source, origin, name)
  File "/home/joshua/djangospace/oscar1_6/local/lib/python2.7/site-packages/django/template/base.py", line 125, in __init__
    self.nodelist = compile_string(template_string, origin)
  File "/home/joshua/djangospace/oscar1_6/local/lib/python2.7/site-packages/django/template/base.py", line 153, in compile_string
    return parser.parse()
  File "/home/joshua/djangospace/oscar1_6/local/lib/python2.7/site-packages/django/template/base.py", line 278, in parse
    compiled_result = compile_func(self, token)
  File "/home/joshua/djangospace/oscar1_6/local/lib/python2.7/site-packages/django/template/loader_tags.py", line 215, in do_extends
    nodelist = parser.parse()
  File "/home/joshua/djangospace/oscar1_6/local/lib/python2.7/site-packages/django/template/base.py", line 278, in parse
    compiled_result = compile_func(self, token)
  File "/home/joshua/djangospace/oscar1_6/local/lib/python2.7/site-packages/django/template/loader_tags.py", line 190, in do_block
    nodelist = parser.parse(('endblock',))
  File "/home/joshua/djangospace/oscar1_6/local/lib/python2.7/site-packages/django/template/base.py", line 278, in parse
    compiled_result = compile_func(self, token)
  File "/home/joshua/djangospace/oscar1_6/local/lib/python2.7/site-packages/django/template/defaulttags.py", line 942, in do_if
    nodelist = parser.parse(('elif', 'else', 'endif'))
  File "/home/joshua/djangospace/oscar1_6/local/lib/python2.7/site-packages/django/template/base.py", line 278, in parse
    compiled_result = compile_func(self, token)
  File "/home/joshua/djangospace/oscar1_6/local/lib/python2.7/site-packages/django/template/loader_tags.py", line 263, in do_include
    isolated_context=isolated_context)
  File "/home/joshua/djangospace/oscar1_6/local/lib/python2.7/site-packages/django/template/loader_tags.py", line 145, in __init__
    t = get_template(template_path)
  File "/home/joshua/djangospace/oscar1_6/local/lib/python2.7/site-packages/django/template/loader.py", line 138, in get_template
    template, origin = find_template(template_name)
  File "/home/joshua/djangospace/oscar1_6/local/lib/python2.7/site-packages/django/template/loader.py", line 127, in find_template
    source, display_name = loader(name, dirs)
  File "/home/joshua/djangospace/oscar1_6/local/lib/python2.7/site-packages/django/template/loader.py", line 43, in __call__
    return self.load_template(template_name, template_dirs)
  File "/home/joshua/djangospace/oscar1_6/local/lib/python2.7/site-packages/django/template/loader.py", line 49, in load_template
    template = get_template_from_string(source, origin, template_name)
  File "/home/joshua/djangospace/oscar1_6/local/lib/python2.7/site-packages/django/template/loader.py", line 149, in get_template_from_string
    return Template(source, origin, name)
  File "/home/joshua/djangospace/oscar1_6/local/lib/python2.7/site-packages/django/template/base.py", line 125, in __init__
    self.nodelist = compile_string(template_string, origin)
  File "/home/joshua/djangospace/oscar1_6/local/lib/python2.7/site-packages/django/template/base.py", line 153, in compile_string
    return parser.parse()
  File "/home/joshua/djangospace/oscar1_6/local/lib/python2.7/site-packages/django/template/base.py", line 278, in parse
    compiled_result = compile_func(self, token)
  File "/home/joshua/djangospace/oscar1_6/local/lib/python2.7/site-packages/django/template/defaulttags.py", line 806, in do_for
    nodelist_loop = parser.parse(('empty', 'endfor',))
  File "/home/joshua/djangospace/oscar1_6/local/lib/python2.7/site-packages/django/template/base.py", line 278, in parse
    compiled_result = compile_func(self, token)
  File "/home/joshua/djangospace/oscar1_6/local/lib/python2.7/site-packages/django/template/defaulttags.py", line 941, in do_if
    condition = TemplateIfParser(parser, bits).parse()
  File "/home/joshua/djangospace/oscar1_6/local/lib/python2.7/site-packages/django/template/defaulttags.py", line 874, in __init__
    super(TemplateIfParser, self).__init__(*args, **kwargs)
  File "/home/joshua/djangospace/oscar1_6/local/lib/python2.7/site-packages/django/template/smartif.py", line 163, in __init__
    mapped_tokens.append(self.translate_token(token))
  File "/home/joshua/djangospace/oscar1_6/local/lib/python2.7/site-packages/django/template/smartif.py", line 174, in translate_token
    return self.create_var(token)
  File "/home/joshua/djangospace/oscar1_6/local/lib/python2.7/site-packages/django/template/defaulttags.py", line 877, in create_var
    return TemplateLiteral(self.template_parser.compile_filter(value), value)
  File "/home/joshua/djangospace/oscar1_6/local/lib/python2.7/site-packages/django/template/base.py", line 360, in compile_filter
    return FilterExpression(token, self)
  File "/home/joshua/djangospace/oscar1_6/local/lib/python2.7/site-packages/django/template/base.py", line 577, in __init__
    "from '%s'" % (token[upto:], token))
TemplateSyntaxError: Could not parse the remainder: '==product_brand.name' from 'brand.name==product_brand.name'
Internal Server Error: /catalogue/category/clothing/mens-clothing_2/brand/Makak/
Traceback (most recent call last):
  File "/home/joshua/djangospace/oscar1_6/local/lib/python2.7/site-packages/django/core/handlers/base.py", line 137, in get_response
    response = response.render()
  File "/home/joshua/djangospace/oscar1_6/local/lib/python2.7/site-packages/django/template/response.py", line 105, in render
    self.content = self.rendered_content
  File "/home/joshua/djangospace/oscar1_6/local/lib/python2.7/site-packages/django/template/response.py", line 80, in rendered_content
    template = self.resolve_template(self.template_name)
  File "/home/joshua/djangospace/oscar1_6/local/lib/python2.7/site-packages/django/template/response.py", line 56, in resolve_template
    return loader.select_template(template)
  File "/home/joshua/djangospace/oscar1_6/local/lib/python2.7/site-packages/django/template/loader.py", line 180, in select_template
    return get_template(template_name)
  File "/home/joshua/djangospace/oscar1_6/local/lib/python2.7/site-packages/django/template/loader.py", line 138, in get_template
    template, origin = find_template(template_name)
  File "/home/joshua/djangospace/oscar1_6/local/lib/python2.7/site-packages/django/template/loader.py", line 127, in find_template
    source, display_name = loader(name, dirs)
  File "/home/joshua/djangospace/oscar1_6/local/lib/python2.7/site-packages/django/template/loader.py", line 43, in __call__
    return self.load_template(template_name, template_dirs)
  File "/home/joshua/djangospace/oscar1_6/local/lib/python2.7/site-packages/django/template/loader.py", line 49, in load_template
    template = get_template_from_string(source, origin, template_name)
  File "/home/joshua/djangospace/oscar1_6/local/lib/python2.7/site-packages/django/template/loader.py", line 149, in get_template_from_string
    return Template(source, origin, name)
  File "/home/joshua/djangospace/oscar1_6/local/lib/python2.7/site-packages/django/template/base.py", line 125, in __init__
    self.nodelist = compile_string(template_string, origin)
  File "/home/joshua/djangospace/oscar1_6/local/lib/python2.7/site-packages/django/template/base.py", line 153, in compile_string
    return parser.parse()
  File "/home/joshua/djangospace/oscar1_6/local/lib/python2.7/site-packages/django/template/base.py", line 278, in parse
    compiled_result = compile_func(self, token)
  File "/home/joshua/djangospace/oscar1_6/local/lib/python2.7/site-packages/django/template/loader_tags.py", line 215, in do_extends
    nodelist = parser.parse()
  File "/home/joshua/djangospace/oscar1_6/local/lib/python2.7/site-packages/django/template/base.py", line 278, in parse
    compiled_result = compile_func(self, token)
  File "/home/joshua/djangospace/oscar1_6/local/lib/python2.7/site-packages/django/template/loader_tags.py", line 190, in do_block
    nodelist = parser.parse(('endblock',))
  File "/home/joshua/djangospace/oscar1_6/local/lib/python2.7/site-packages/django/template/base.py", line 278, in parse
    compiled_result = compile_func(self, token)
  File "/home/joshua/djangospace/oscar1_6/local/lib/python2.7/site-packages/django/template/defaulttags.py", line 942, in do_if
    nodelist = parser.parse(('elif', 'else', 'endif'))
  File "/home/joshua/djangospace/oscar1_6/local/lib/python2.7/site-packages/django/template/base.py", line 278, in parse
    compiled_result = compile_func(self, token)
  File "/home/joshua/djangospace/oscar1_6/local/lib/python2.7/site-packages/django/template/loader_tags.py", line 263, in do_include
    isolated_context=isolated_context)
  File "/home/joshua/djangospace/oscar1_6/local/lib/python2.7/site-packages/django/template/loader_tags.py", line 145, in __init__
    t = get_template(template_path)
  File "/home/joshua/djangospace/oscar1_6/local/lib/python2.7/site-packages/django/template/loader.py", line 138, in get_template
    template, origin = find_template(template_name)
  File "/home/joshua/djangospace/oscar1_6/local/lib/python2.7/site-packages/django/template/loader.py", line 127, in find_template
    source, display_name = loader(name, dirs)
  File "/home/joshua/djangospace/oscar1_6/local/lib/python2.7/site-packages/django/template/loader.py", line 43, in __call__
    return self.load_template(template_name, template_dirs)
  File "/home/joshua/djangospace/oscar1_6/local/lib/python2.7/site-packages/django/template/loader.py", line 49, in load_template
    template = get_template_from_string(source, origin, template_name)
  File "/home/joshua/djangospace/oscar1_6/local/lib/python2.7/site-packages/django/template/loader.py", line 149, in get_template_from_string
    return Template(source, origin, name)
  File "/home/joshua/djangospace/oscar1_6/local/lib/python2.7/site-packages/django/template/base.py", line 125, in __init__
    self.nodelist = compile_string(template_string, origin)
  File "/home/joshua/djangospace/oscar1_6/local/lib/python2.7/site-packages/django/template/base.py", line 153, in compile_string
    return parser.parse()
  File "/home/joshua/djangospace/oscar1_6/local/lib/python2.7/site-packages/django/template/base.py", line 278, in parse
    compiled_result = compile_func(self, token)
  File "/home/joshua/djangospace/oscar1_6/local/lib/python2.7/site-packages/django/template/defaulttags.py", line 806, in do_for
    nodelist_loop = parser.parse(('empty', 'endfor',))
  File "/home/joshua/djangospace/oscar1_6/local/lib/python2.7/site-packages/django/template/base.py", line 278, in parse
    compiled_result = compile_func(self, token)
  File "/home/joshua/djangospace/oscar1_6/local/lib/python2.7/site-packages/django/template/defaulttags.py", line 941, in do_if
    condition = TemplateIfParser(parser, bits).parse()
  File "/home/joshua/djangospace/oscar1_6/local/lib/python2.7/site-packages/django/template/smartif.py", line 191, in parse
    self.current_token.display())
TemplateSyntaxError: Unused 'is' at end of if expression.
Internal Server Error: /catalogue/category/clothing/mens-clothing/shorts_4/brand/Makak/
Traceback (most recent call last):
  File "/home/joshua/djangospace/oscar1_6/local/lib/python2.7/site-packages/django/core/handlers/base.py", line 137, in get_response
    response = response.render()
  File "/home/joshua/djangospace/oscar1_6/local/lib/python2.7/site-packages/django/template/response.py", line 105, in render
    self.content = self.rendered_content
  File "/home/joshua/djangospace/oscar1_6/local/lib/python2.7/site-packages/django/template/response.py", line 80, in rendered_content
    template = self.resolve_template(self.template_name)
  File "/home/joshua/djangospace/oscar1_6/local/lib/python2.7/site-packages/django/template/response.py", line 56, in resolve_template
    return loader.select_template(template)
  File "/home/joshua/djangospace/oscar1_6/local/lib/python2.7/site-packages/django/template/loader.py", line 180, in select_template
    return get_template(template_name)
  File "/home/joshua/djangospace/oscar1_6/local/lib/python2.7/site-packages/django/template/loader.py", line 138, in get_template
    template, origin = find_template(template_name)
  File "/home/joshua/djangospace/oscar1_6/local/lib/python2.7/site-packages/django/template/loader.py", line 127, in find_template
    source, display_name = loader(name, dirs)
  File "/home/joshua/djangospace/oscar1_6/local/lib/python2.7/site-packages/django/template/loader.py", line 43, in __call__
    return self.load_template(template_name, template_dirs)
  File "/home/joshua/djangospace/oscar1_6/local/lib/python2.7/site-packages/django/template/loader.py", line 49, in load_template
    template = get_template_from_string(source, origin, template_name)
  File "/home/joshua/djangospace/oscar1_6/local/lib/python2.7/site-packages/django/template/loader.py", line 149, in get_template_from_string
    return Template(source, origin, name)
  File "/home/joshua/djangospace/oscar1_6/local/lib/python2.7/site-packages/django/template/base.py", line 125, in __init__
    self.nodelist = compile_string(template_string, origin)
  File "/home/joshua/djangospace/oscar1_6/local/lib/python2.7/site-packages/django/template/base.py", line 153, in compile_string
    return parser.parse()
  File "/home/joshua/djangospace/oscar1_6/local/lib/python2.7/site-packages/django/template/base.py", line 278, in parse
    compiled_result = compile_func(self, token)
  File "/home/joshua/djangospace/oscar1_6/local/lib/python2.7/site-packages/django/template/loader_tags.py", line 215, in do_extends
    nodelist = parser.parse()
  File "/home/joshua/djangospace/oscar1_6/local/lib/python2.7/site-packages/django/template/base.py", line 278, in parse
    compiled_result = compile_func(self, token)
  File "/home/joshua/djangospace/oscar1_6/local/lib/python2.7/site-packages/django/template/loader_tags.py", line 190, in do_block
    nodelist = parser.parse(('endblock',))
  File "/home/joshua/djangospace/oscar1_6/local/lib/python2.7/site-packages/django/template/base.py", line 278, in parse
    compiled_result = compile_func(self, token)
  File "/home/joshua/djangospace/oscar1_6/local/lib/python2.7/site-packages/django/template/loader_tags.py", line 263, in do_include
    isolated_context=isolated_context)
  File "/home/joshua/djangospace/oscar1_6/local/lib/python2.7/site-packages/django/template/loader_tags.py", line 145, in __init__
    t = get_template(template_path)
  File "/home/joshua/djangospace/oscar1_6/local/lib/python2.7/site-packages/django/template/loader.py", line 138, in get_template
    template, origin = find_template(template_name)
  File "/home/joshua/djangospace/oscar1_6/local/lib/python2.7/site-packages/django/template/loader.py", line 127, in find_template
    source, display_name = loader(name, dirs)
  File "/home/joshua/djangospace/oscar1_6/local/lib/python2.7/site-packages/django/template/loader.py", line 43, in __call__
    return self.load_template(template_name, template_dirs)
  File "/home/joshua/djangospace/oscar1_6/local/lib/python2.7/site-packages/django/template/loader.py", line 49, in load_template
    template = get_template_from_string(source, origin, template_name)
  File "/home/joshua/djangospace/oscar1_6/local/lib/python2.7/site-packages/django/template/loader.py", line 149, in get_template_from_string
    return Template(source, origin, name)
  File "/home/joshua/djangospace/oscar1_6/local/lib/python2.7/site-packages/django/template/base.py", line 125, in __init__
    self.nodelist = compile_string(template_string, origin)
  File "/home/joshua/djangospace/oscar1_6/local/lib/python2.7/site-packages/django/template/base.py", line 153, in compile_string
    return parser.parse()
  File "/home/joshua/djangospace/oscar1_6/local/lib/python2.7/site-packages/django/template/base.py", line 278, in parse
    compiled_result = compile_func(self, token)
  File "/home/joshua/djangospace/oscar1_6/local/lib/python2.7/site-packages/django/template/defaulttags.py", line 806, in do_for
    nodelist_loop = parser.parse(('empty', 'endfor',))
  File "/home/joshua/djangospace/oscar1_6/local/lib/python2.7/site-packages/django/template/base.py", line 278, in parse
    compiled_result = compile_func(self, token)
  File "/home/joshua/djangospace/oscar1_6/local/lib/python2.7/site-packages/django/template/defaulttags.py", line 949, in do_if
    condition = TemplateIfParser(parser, bits).parse()
  File "/home/joshua/djangospace/oscar1_6/local/lib/python2.7/site-packages/django/template/smartif.py", line 187, in parse
    retval = self.expression()
  File "/home/joshua/djangospace/oscar1_6/local/lib/python2.7/site-packages/django/template/smartif.py", line 197, in expression
    left = t.nud(self)
  File "/home/joshua/djangospace/oscar1_6/local/lib/python2.7/site-packages/django/template/smartif.py", line 145, in nud
    raise parser.error_class("Unexpected end of expression in if tag.")
TemplateSyntaxError: Unexpected end of expression in if tag.
Internal Server Error: /catalogue/category/clothing/mens-clothing/shorts_4/activity/Running/
Traceback (most recent call last):
  File "/home/joshua/djangospace/oscar1_6/local/lib/python2.7/site-packages/django/core/handlers/base.py", line 137, in get_response
    response = response.render()
  File "/home/joshua/djangospace/oscar1_6/local/lib/python2.7/site-packages/django/template/response.py", line 105, in render
    self.content = self.rendered_content
  File "/home/joshua/djangospace/oscar1_6/local/lib/python2.7/site-packages/django/template/response.py", line 80, in rendered_content
    template = self.resolve_template(self.template_name)
  File "/home/joshua/djangospace/oscar1_6/local/lib/python2.7/site-packages/django/template/response.py", line 56, in resolve_template
    return loader.select_template(template)
  File "/home/joshua/djangospace/oscar1_6/local/lib/python2.7/site-packages/django/template/loader.py", line 180, in select_template
    return get_template(template_name)
  File "/home/joshua/djangospace/oscar1_6/local/lib/python2.7/site-packages/django/template/loader.py", line 138, in get_template
    template, origin = find_template(template_name)
  File "/home/joshua/djangospace/oscar1_6/local/lib/python2.7/site-packages/django/template/loader.py", line 127, in find_template
    source, display_name = loader(name, dirs)
  File "/home/joshua/djangospace/oscar1_6/local/lib/python2.7/site-packages/django/template/loader.py", line 43, in __call__
    return self.load_template(template_name, template_dirs)
  File "/home/joshua/djangospace/oscar1_6/local/lib/python2.7/site-packages/django/template/loader.py", line 49, in load_template
    template = get_template_from_string(source, origin, template_name)
  File "/home/joshua/djangospace/oscar1_6/local/lib/python2.7/site-packages/django/template/loader.py", line 149, in get_template_from_string
    return Template(source, origin, name)
  File "/home/joshua/djangospace/oscar1_6/local/lib/python2.7/site-packages/django/template/base.py", line 125, in __init__
    self.nodelist = compile_string(template_string, origin)
  File "/home/joshua/djangospace/oscar1_6/local/lib/python2.7/site-packages/django/template/base.py", line 153, in compile_string
    return parser.parse()
  File "/home/joshua/djangospace/oscar1_6/local/lib/python2.7/site-packages/django/template/base.py", line 278, in parse
    compiled_result = compile_func(self, token)
  File "/home/joshua/djangospace/oscar1_6/local/lib/python2.7/site-packages/django/template/loader_tags.py", line 215, in do_extends
    nodelist = parser.parse()
  File "/home/joshua/djangospace/oscar1_6/local/lib/python2.7/site-packages/django/template/base.py", line 278, in parse
    compiled_result = compile_func(self, token)
  File "/home/joshua/djangospace/oscar1_6/local/lib/python2.7/site-packages/django/template/loader_tags.py", line 190, in do_block
    nodelist = parser.parse(('endblock',))
  File "/home/joshua/djangospace/oscar1_6/local/lib/python2.7/site-packages/django/template/base.py", line 278, in parse
    compiled_result = compile_func(self, token)
  File "/home/joshua/djangospace/oscar1_6/local/lib/python2.7/site-packages/django/template/defaulttags.py", line 942, in do_if
    nodelist = parser.parse(('elif', 'else', 'endif'))
  File "/home/joshua/djangospace/oscar1_6/local/lib/python2.7/site-packages/django/template/base.py", line 276, in parse
    self.invalid_block_tag(token, command, parse_until)
  File "/home/joshua/djangospace/oscar1_6/local/lib/python2.7/site-packages/django/template/base.py", line 331, in invalid_block_tag
    (command, get_text_list(["'%s'" % p for p in parse_until])))
TemplateSyntaxError: Invalid block tag: 'main_categories', expected 'elif', 'else' or 'endif'
Internal Server Error: /catalogue/category/clothing/mens-clothing/shorts_4/activity/Running/
Traceback (most recent call last):
  File "/home/joshua/djangospace/oscar1_6/local/lib/python2.7/site-packages/django/core/handlers/base.py", line 137, in get_response
    response = response.render()
  File "/home/joshua/djangospace/oscar1_6/local/lib/python2.7/site-packages/django/template/response.py", line 105, in render
    self.content = self.rendered_content
  File "/home/joshua/djangospace/oscar1_6/local/lib/python2.7/site-packages/django/template/response.py", line 80, in rendered_content
    template = self.resolve_template(self.template_name)
  File "/home/joshua/djangospace/oscar1_6/local/lib/python2.7/site-packages/django/template/response.py", line 56, in resolve_template
    return loader.select_template(template)
  File "/home/joshua/djangospace/oscar1_6/local/lib/python2.7/site-packages/django/template/loader.py", line 180, in select_template
    return get_template(template_name)
  File "/home/joshua/djangospace/oscar1_6/local/lib/python2.7/site-packages/django/template/loader.py", line 138, in get_template
    template, origin = find_template(template_name)
  File "/home/joshua/djangospace/oscar1_6/local/lib/python2.7/site-packages/django/template/loader.py", line 127, in find_template
    source, display_name = loader(name, dirs)
  File "/home/joshua/djangospace/oscar1_6/local/lib/python2.7/site-packages/django/template/loader.py", line 43, in __call__
    return self.load_template(template_name, template_dirs)
  File "/home/joshua/djangospace/oscar1_6/local/lib/python2.7/site-packages/django/template/loader.py", line 49, in load_template
    template = get_template_from_string(source, origin, template_name)
  File "/home/joshua/djangospace/oscar1_6/local/lib/python2.7/site-packages/django/template/loader.py", line 149, in get_template_from_string
    return Template(source, origin, name)
  File "/home/joshua/djangospace/oscar1_6/local/lib/python2.7/site-packages/django/template/base.py", line 125, in __init__
    self.nodelist = compile_string(template_string, origin)
  File "/home/joshua/djangospace/oscar1_6/local/lib/python2.7/site-packages/django/template/base.py", line 153, in compile_string
    return parser.parse()
  File "/home/joshua/djangospace/oscar1_6/local/lib/python2.7/site-packages/django/template/base.py", line 278, in parse
    compiled_result = compile_func(self, token)
  File "/home/joshua/djangospace/oscar1_6/local/lib/python2.7/site-packages/django/template/loader_tags.py", line 215, in do_extends
    nodelist = parser.parse()
  File "/home/joshua/djangospace/oscar1_6/local/lib/python2.7/site-packages/django/template/base.py", line 278, in parse
    compiled_result = compile_func(self, token)
  File "/home/joshua/djangospace/oscar1_6/local/lib/python2.7/site-packages/django/template/defaulttags.py", line 1084, in load
    (taglib, e))
TemplateSyntaxError: 'main_category_tags' is not a valid tag library: Template library main_category_tags not found, tried django.templatetags.main_category_tags,django.contrib.admin.templatetags.main_category_tags,django.contrib.staticfiles.templatetags.main_category_tags,django.contrib.flatpages.templatetags.main_category_tags,compressor.templatetags.main_category_tags,oscarmod.templatetags.main_category_tags,oscar.templatetags.main_category_tags,haystack.templatetags.main_category_tags,treebeard.templatetags.main_category_tags,sorl.thumbnail.templatetags.main_category_tags
Internal Server Error: /catalogue/category/clothing/mens-clothing/shorts_4/activity/Running/
Traceback (most recent call last):
  File "/home/joshua/djangospace/oscar1_6/local/lib/python2.7/site-packages/django/core/handlers/base.py", line 137, in get_response
    response = response.render()
  File "/home/joshua/djangospace/oscar1_6/local/lib/python2.7/site-packages/django/template/response.py", line 105, in render
    self.content = self.rendered_content
  File "/home/joshua/djangospace/oscar1_6/local/lib/python2.7/site-packages/django/template/response.py", line 80, in rendered_content
    template = self.resolve_template(self.template_name)
  File "/home/joshua/djangospace/oscar1_6/local/lib/python2.7/site-packages/django/template/response.py", line 56, in resolve_template
    return loader.select_template(template)
  File "/home/joshua/djangospace/oscar1_6/local/lib/python2.7/site-packages/django/template/loader.py", line 180, in select_template
    return get_template(template_name)
  File "/home/joshua/djangospace/oscar1_6/local/lib/python2.7/site-packages/django/template/loader.py", line 138, in get_template
    template, origin = find_template(template_name)
  File "/home/joshua/djangospace/oscar1_6/local/lib/python2.7/site-packages/django/template/loader.py", line 127, in find_template
    source, display_name = loader(name, dirs)
  File "/home/joshua/djangospace/oscar1_6/local/lib/python2.7/site-packages/django/template/loader.py", line 43, in __call__
    return self.load_template(template_name, template_dirs)
  File "/home/joshua/djangospace/oscar1_6/local/lib/python2.7/site-packages/django/template/loader.py", line 49, in load_template
    template = get_template_from_string(source, origin, template_name)
  File "/home/joshua/djangospace/oscar1_6/local/lib/python2.7/site-packages/django/template/loader.py", line 149, in get_template_from_string
    return Template(source, origin, name)
  File "/home/joshua/djangospace/oscar1_6/local/lib/python2.7/site-packages/django/template/base.py", line 125, in __init__
    self.nodelist = compile_string(template_string, origin)
  File "/home/joshua/djangospace/oscar1_6/local/lib/python2.7/site-packages/django/template/base.py", line 153, in compile_string
    return parser.parse()
  File "/home/joshua/djangospace/oscar1_6/local/lib/python2.7/site-packages/django/template/base.py", line 278, in parse
    compiled_result = compile_func(self, token)
  File "/home/joshua/djangospace/oscar1_6/local/lib/python2.7/site-packages/django/template/loader_tags.py", line 215, in do_extends
    nodelist = parser.parse()
  File "/home/joshua/djangospace/oscar1_6/local/lib/python2.7/site-packages/django/template/base.py", line 278, in parse
    compiled_result = compile_func(self, token)
  File "/home/joshua/djangospace/oscar1_6/local/lib/python2.7/site-packages/django/template/loader_tags.py", line 190, in do_block
    nodelist = parser.parse(('endblock',))
  File "/home/joshua/djangospace/oscar1_6/local/lib/python2.7/site-packages/django/template/base.py", line 278, in parse
    compiled_result = compile_func(self, token)
  File "/home/joshua/djangospace/oscar1_6/local/lib/python2.7/site-packages/django/template/defaulttags.py", line 942, in do_if
    nodelist = parser.parse(('elif', 'else', 'endif'))
  File "/home/joshua/djangospace/oscar1_6/local/lib/python2.7/site-packages/django/template/base.py", line 276, in parse
    self.invalid_block_tag(token, command, parse_until)
  File "/home/joshua/djangospace/oscar1_6/local/lib/python2.7/site-packages/django/template/base.py", line 331, in invalid_block_tag
    (command, get_text_list(["'%s'" % p for p in parse_until])))
TemplateSyntaxError: Invalid block tag: 'main_categories', expected 'elif', 'else' or 'endif'
Internal Server Error: /catalogue/brand/Makak/
Traceback (most recent call last):
  File "/home/joshua/djangospace/oscar1_6/local/lib/python2.7/site-packages/django/core/handlers/base.py", line 112, in get_response
    response = wrapped_callback(request, *callback_args, **callback_kwargs)
  File "/home/joshua/djangospace/oscar1_6/local/lib/python2.7/site-packages/django/db/transaction.py", line 371, in inner
    return func(*args, **kwargs)
  File "/home/joshua/djangospace/oscar1_6/local/lib/python2.7/site-packages/django/contrib/auth/decorators.py", line 22, in _wrapped_view
    return view_func(request, *args, **kwargs)
TypeError: as_view() takes exactly 1 argument (3 given)
Internal Server Error: /catalogue/category/brands/charko_57/brand/Makak/
Traceback (most recent call last):
  File "/home/joshua/djangospace/oscar1_6/local/lib/python2.7/site-packages/django/core/handlers/base.py", line 99, in get_response
    resolver_match = resolver.resolve(request.path_info)
  File "/home/joshua/djangospace/oscar1_6/local/lib/python2.7/site-packages/django/core/urlresolvers.py", line 337, in resolve
    for pattern in self.url_patterns:
  File "/home/joshua/djangospace/oscar1_6/local/lib/python2.7/site-packages/django/core/urlresolvers.py", line 365, in url_patterns
    patterns = getattr(self.urlconf_module, "urlpatterns", self.urlconf_module)
  File "/home/joshua/djangospace/oscar1_6/local/lib/python2.7/site-packages/django/core/urlresolvers.py", line 360, in urlconf_module
    self._urlconf_module = import_module(self.urlconf_name)
  File "/home/joshua/djangospace/oscar1_6/local/lib/python2.7/site-packages/django/utils/importlib.py", line 40, in import_module
    __import__(name)
  File "/home/joshua/djangospace/giggearme_project/giggearme/urls.py", line 4, in <module>
    from oscar.app import application
  File "/home/joshua/djangospace/oscar1_6/local/lib/python2.7/site-packages/oscar/app.py", line 14, in <module>
    class Shop(Application):
  File "/home/joshua/djangospace/oscar1_6/local/lib/python2.7/site-packages/oscar/app.py", line 17, in Shop
    catalogue_app = get_class('catalogue.app', 'application')
  File "/home/joshua/djangospace/oscar1_6/local/lib/python2.7/site-packages/oscar/core/loading.py", line 26, in get_class
    return get_classes(module_label, [classname])[0]
  File "/home/joshua/djangospace/oscar1_6/local/lib/python2.7/site-packages/oscar/core/loading.py", line 91, in get_classes
    local_module = _import_module(local_module_label, classnames)
  File "/home/joshua/djangospace/oscar1_6/local/lib/python2.7/site-packages/oscar/core/loading.py", line 112, in _import_module
    return __import__(module_label, fromlist=classnames)
  File "/home/joshua/djangospace/giggearme_project/catalogue/app.py", line 4, in <module>
    from catalogue import views
  File "/home/joshua/djangospace/giggearme_project/catalogue/views.py", line 187
    qs = qs.filter(categories__in=categories).distinct()
   ^
IndentationError: unexpected indent
Internal Server Error: /catalogue/category/brands/charko_57/brand/Makak/
Traceback (most recent call last):
  File "/home/joshua/djangospace/oscar1_6/local/lib/python2.7/site-packages/django/core/handlers/base.py", line 99, in get_response
    resolver_match = resolver.resolve(request.path_info)
  File "/home/joshua/djangospace/oscar1_6/local/lib/python2.7/site-packages/django/core/urlresolvers.py", line 337, in resolve
    for pattern in self.url_patterns:
  File "/home/joshua/djangospace/oscar1_6/local/lib/python2.7/site-packages/django/core/urlresolvers.py", line 365, in url_patterns
    patterns = getattr(self.urlconf_module, "urlpatterns", self.urlconf_module)
  File "/home/joshua/djangospace/oscar1_6/local/lib/python2.7/site-packages/django/core/urlresolvers.py", line 360, in urlconf_module
    self._urlconf_module = import_module(self.urlconf_name)
  File "/home/joshua/djangospace/oscar1_6/local/lib/python2.7/site-packages/django/utils/importlib.py", line 40, in import_module
    __import__(name)
  File "/home/joshua/djangospace/giggearme_project/giggearme/urls.py", line 4, in <module>
    from oscar.app import application
  File "/home/joshua/djangospace/oscar1_6/local/lib/python2.7/site-packages/oscar/app.py", line 14, in <module>
    class Shop(Application):
  File "/home/joshua/djangospace/oscar1_6/local/lib/python2.7/site-packages/oscar/app.py", line 17, in Shop
    catalogue_app = get_class('catalogue.app', 'application')
  File "/home/joshua/djangospace/oscar1_6/local/lib/python2.7/site-packages/oscar/core/loading.py", line 26, in get_class
    return get_classes(module_label, [classname])[0]
  File "/home/joshua/djangospace/oscar1_6/local/lib/python2.7/site-packages/oscar/core/loading.py", line 91, in get_classes
    local_module = _import_module(local_module_label, classnames)
  File "/home/joshua/djangospace/oscar1_6/local/lib/python2.7/site-packages/oscar/core/loading.py", line 112, in _import_module
    return __import__(module_label, fromlist=classnames)
  File "/home/joshua/djangospace/giggearme_project/catalogue/app.py", line 4, in <module>
    from catalogue import views
  File "/home/joshua/djangospace/giggearme_project/catalogue/views.py", line 187
    qs = qs.filter(categories__in=categories).distinct()
   ^
IndentationError: unexpected indent
Internal Server Error: /catalogue/category/brands/charko_57/brand/Makak/
Traceback (most recent call last):
  File "/home/joshua/djangospace/oscar1_6/local/lib/python2.7/site-packages/django/core/handlers/base.py", line 99, in get_response
    resolver_match = resolver.resolve(request.path_info)
  File "/home/joshua/djangospace/oscar1_6/local/lib/python2.7/site-packages/django/core/urlresolvers.py", line 337, in resolve
    for pattern in self.url_patterns:
  File "/home/joshua/djangospace/oscar1_6/local/lib/python2.7/site-packages/django/core/urlresolvers.py", line 365, in url_patterns
    patterns = getattr(self.urlconf_module, "urlpatterns", self.urlconf_module)
  File "/home/joshua/djangospace/oscar1_6/local/lib/python2.7/site-packages/django/core/urlresolvers.py", line 360, in urlconf_module
    self._urlconf_module = import_module(self.urlconf_name)
  File "/home/joshua/djangospace/oscar1_6/local/lib/python2.7/site-packages/django/utils/importlib.py", line 40, in import_module
    __import__(name)
  File "/home/joshua/djangospace/giggearme_project/giggearme/urls.py", line 4, in <module>
    from oscar.app import application
  File "/home/joshua/djangospace/oscar1_6/local/lib/python2.7/site-packages/oscar/app.py", line 14, in <module>
    class Shop(Application):
  File "/home/joshua/djangospace/oscar1_6/local/lib/python2.7/site-packages/oscar/app.py", line 17, in Shop
    catalogue_app = get_class('catalogue.app', 'application')
  File "/home/joshua/djangospace/oscar1_6/local/lib/python2.7/site-packages/oscar/core/loading.py", line 26, in get_class
    return get_classes(module_label, [classname])[0]
  File "/home/joshua/djangospace/oscar1_6/local/lib/python2.7/site-packages/oscar/core/loading.py", line 91, in get_classes
    local_module = _import_module(local_module_label, classnames)
  File "/home/joshua/djangospace/oscar1_6/local/lib/python2.7/site-packages/oscar/core/loading.py", line 112, in _import_module
    return __import__(module_label, fromlist=classnames)
  File "/home/joshua/djangospace/giggearme_project/catalogue/app.py", line 4, in <module>
    from catalogue import views
  File "/home/joshua/djangospace/giggearme_project/catalogue/views.py", line 189
    if self.brand is not None:
                             ^
IndentationError: unindent does not match any outer indentation level
Internal Server Error: /catalogue/category/brands/charko_57/brand/Makak/
Traceback (most recent call last):
  File "/home/joshua/djangospace/oscar1_6/local/lib/python2.7/site-packages/django/core/handlers/base.py", line 112, in get_response
    response = wrapped_callback(request, *callback_args, **callback_kwargs)
  File "/home/joshua/djangospace/oscar1_6/local/lib/python2.7/site-packages/django/db/transaction.py", line 371, in inner
    return func(*args, **kwargs)
  File "/home/joshua/djangospace/oscar1_6/local/lib/python2.7/site-packages/django/contrib/auth/decorators.py", line 22, in _wrapped_view
    return view_func(request, *args, **kwargs)
  File "/home/joshua/djangospace/oscar1_6/local/lib/python2.7/site-packages/django/views/generic/base.py", line 69, in view
    return self.dispatch(request, *args, **kwargs)
  File "/home/joshua/djangospace/oscar1_6/local/lib/python2.7/site-packages/django/views/generic/base.py", line 87, in dispatch
    return handler(request, *args, **kwargs)
  File "/home/joshua/djangospace/giggearme_project/catalogue/views.py", line 160, in get
    return super(ProductCategoryView, self).get(request, *args, **kwargs)
  File "/home/joshua/djangospace/oscar1_6/local/lib/python2.7/site-packages/django/views/generic/list.py", line 137, in get
    self.object_list = self.get_queryset()
  File "/home/joshua/djangospace/oscar1_6/local/lib/python2.7/site-packages/django/views/generic/list.py", line 36, in get_queryset
    % self.__class__.__name__)
ImproperlyConfigured: 'ProductCategoryView' must define 'queryset' or 'model'
Internal Server Error: /catalogue/category/brands/charko_57/brand/Makak/
Traceback (most recent call last):
  File "/home/joshua/djangospace/oscar1_6/local/lib/python2.7/site-packages/django/core/handlers/base.py", line 112, in get_response
    response = wrapped_callback(request, *callback_args, **callback_kwargs)
  File "/home/joshua/djangospace/oscar1_6/local/lib/python2.7/site-packages/django/db/transaction.py", line 371, in inner
    return func(*args, **kwargs)
  File "/home/joshua/djangospace/oscar1_6/local/lib/python2.7/site-packages/django/contrib/auth/decorators.py", line 22, in _wrapped_view
    return view_func(request, *args, **kwargs)
  File "/home/joshua/djangospace/oscar1_6/local/lib/python2.7/site-packages/django/views/generic/base.py", line 69, in view
    return self.dispatch(request, *args, **kwargs)
  File "/home/joshua/djangospace/oscar1_6/local/lib/python2.7/site-packages/django/views/generic/base.py", line 87, in dispatch
    return handler(request, *args, **kwargs)
  File "/home/joshua/djangospace/giggearme_project/catalogue/views.py", line 160, in get
    return super(ProductCategoryView, self).get(request, *args, **kwargs)
  File "/home/joshua/djangospace/oscar1_6/local/lib/python2.7/site-packages/django/views/generic/list.py", line 137, in get
    self.object_list = self.get_queryset()
  File "/home/joshua/djangospace/oscar1_6/local/lib/python2.7/site-packages/django/views/generic/list.py", line 36, in get_queryset
    % self.__class__.__name__)
ImproperlyConfigured: 'ProductCategoryView' must define 'queryset' or 'model'
